C51 COMPILER V9.54   DS1302                                                                04/18/2023 15:28:54 PAGE 1   


C51 COMPILER V9.54, COMPILATION OF MODULE DS1302
OBJECT MODULE PLACED IN .\Objects\DS1302.obj
COMPILER INVOKED BY: D:\Keil_v5\C51\BIN\C51.EXE DS1302.c OPTIMIZE(8,SPEED) BROWSE DEBUG OBJECTEXTEND PRINT(.\Listings\DS
                    -1302.lst) OBJECT(.\Objects\DS1302.obj)

line level    source

   1          #include <REGX52.H>
   2          
   3          sbit DS1302_SCLK=P3^6;
   4          sbit DS1302_IO=P3^4;
   5          sbit DS1302_CE=P3^5;
   6          
   7          #define DS1302_SECOND           0x80                    //å†™ç§’å‘½ä»¤
   8          #define DS1302_MINUTE           0x82                    //å†™åˆ†é’Ÿ
   9          #define DS1302_HOUR                     0x84
  10          #define DS1302_DATE                     0x86
  11          #define DS1302_MONTH            0x88
  12          #define DS1302_DAY                      0x8A
  13          #define DS1302_YEAR                     0x8c
  14          #define DS1302_WP                       0x8E                    //å†™ä¿æŠ¤
  15          
  16          
  17          unsigned char DS1302_Time[]={23,4,18,10,8,59};
  18          void DS1302_Init(void)
  19          {
  20   1              DS1302_CE=0;//  åˆå§‹åŒ–
  21   1              DS1302_SCLK=0;
  22   1      }
  23          //:
  24          /**
  25            * @brief  å†™ä¸€ä¸ªå­—èŠ‚
  26            * @param  å‚æ•°å‘½ä»¤å’Œè¦å†™å…¥çš„æ•°æ®
  27            * @retval  è¿”å›å€¼æ— 
  28            */
  29          void DS1302_WriteByte(unsigned char Command,Data)
  30          {
  31   1              unsigned char i=0;
  32   1              DS1302_CE=1;//å°†CEç½®1
  33   1              for(i=0;i<8;i++)
  34   1              {
  35   2                      DS1302_IO=Command&(0x01<<i);//æ•°æ®ä»åœ°ä½å†™
  36   2                      DS1302_SCLK=1;
  37   2                      DS1302_SCLK=0;          
  38   2              }
  39   1              for(i=0;i<8;i++)
  40   1              {
  41   2                      DS1302_IO=Data&(0x01<<i);
  42   2                      DS1302_SCLK=1;
  43   2                      DS1302_SCLK=0;
  44   2              }
  45   1                      DS1302_CE=0;
  46   1      }
  47          //:
  48          /**
  49            * @brief  è¯»ä¸€ä¸ªæ•°æ®
  50            * @param  å‚æ•°å‘½ä»¤
  51            * @retval è¿”å›å€¼ä¸€ä¸ªæ•°æ®
  52            */
  53          unsigned char DS1302_ReadByte(unsigned char Command)
  54          {
C51 COMPILER V9.54   DS1302                                                                04/18/2023 15:28:54 PAGE 2   

  55   1                      unsigned char Data=0;
  56   1                      unsigned char i;
  57   1                      Command|=0x01;//å°†å‘½ä»¤æœ€åä¸€ä½ç½®1æ”¹ä¸ºè¯»å‘½ä»¤
  58   1                      DS1302_CE=1;
  59   1                      for(i=0;i<8;i++)//å†™å…¥å‘½ä»¤
  60   1                      {
  61   2                              DS1302_IO=Command&(0x01<<i);
  62   2                              DS1302_SCLK=0;
  63   2                              DS1302_SCLK=1;
  64   2                      
  65   2                      }
  66   1                      for(i=0;i<8;i++)//è¯»å–æ•°æ®
  67   1                      {
  68   2                              DS1302_SCLK=1;
  69   2                              DS1302_SCLK=0;
  70   2                              if(DS1302_IO){Data|=(0x01<<i);}//IOäº¤ç»™ä»æœºæ§åˆ¶ï¼Œä»ä½ä½å¼€å§‹è¯»
  71   2              
  72   2                      }
  73   1                              DS1302_CE=0;
  74   1                              DS1302_IO=0;//è¯»å®Œä¸€ä¸ªæ•°æ®ç½®0
  75   1                              return Data;
  76   1      }
  77          //:
  78          /**
  79            * @brief  è®¾ç½®æ—¶é—´
  80            * @param  å‚æ•°æ— 
  81            * @retval è¿”å›å€¼æ— 
  82            */
  83          void SetTime(void)
  84          {
  85   1              
  86   1      //      DS1302_WriteByte(DS1302_WP,0x00);
  87   1      //      DS1302_WriteByte(DS1302_YEAR,DS1302_Time[0]/10*16+DS1302_Time[0]%10);//åè¿›åˆ¶è½¬BCDç åå†™å…¥
  88   1      //      DS1302_WriteByte(DS1302_MONTH,DS1302_Time[1]/10*16+DS1302_Time[1]%10);
  89   1      //      DS1302_WriteByte(DS1302_DATE,DS1302_Time[2]/10*16+DS1302_Time[2]%10);
  90   1      //      DS1302_WriteByte(DS1302_HOUR,DS1302_Time[3]/10*16+DS1302_Time[3]%10);
  91   1      //      DS1302_WriteByte(DS1302_MINUTE,DS1302_Time[4]/10*16+DS1302_Time[4]%10);
  92   1      //      DS1302_WriteByte(DS1302_SECOND,DS1302_Time[5]/10*16+DS1302_Time[5]%10);
  93   1      //      DS1302_WriteByte(DS1302_DAY,DS1302_Time[6]/10*16+DS1302_Time[6]%10);
  94   1      //      DS1302_WriteByte(DS1302_WP,0x80);
  95   1              DS1302_WriteByte(0X8E,0X00);//å†™å…¥å†™ä¿æŠ¤å‘½ä»¤
  96   1              DS1302_WriteByte(DS1302_YEAR,DS1302_Time[0]/10*16+DS1302_Time[0]%10);//å°†æ•°ç»„ä¸­å­˜æ”¾çš„æ—¶é—´å¤ç»™æ
             -—¶é—´
  97   1              DS1302_WriteByte(DS1302_MONTH,DS1302_Time[1]/10*16+DS1302_Time[1]%10);
  98   1              DS1302_WriteByte(DS1302_DATE,DS1302_Time[2]/10*16+DS1302_Time[2]%10);
  99   1              DS1302_WriteByte(DS1302_HOUR,DS1302_Time[3]/10*16+DS1302_Time[3]%10);
 100   1              DS1302_WriteByte(DS1302_MINUTE,DS1302_Time[4]/10*16+DS1302_Time[4]%10);
 101   1              DS1302_WriteByte(DS1302_SECOND,DS1302_Time[5]/10*16+DS1302_Time[5]%10);
 102   1              DS1302_WriteByte(DS1302_DAY,DS1302_Time[6]/10*16+DS1302_Time[6]%10);
 103   1              DS1302_WriteByte(DS1302_WP,0X00);
 104   1      
 105   1      }
 106          //:
 107          /**
 108            * @brief  è¯»å–æ—¶é—´
 109            * @param  æ— 
 110            * @retval æ— 
 111            */
 112          void DS1302_ReadTime()
 113          {
 114   1              unsigned char Temp;
 115   1              Temp=DS1302_ReadByte(DS1302_YEAR);
C51 COMPILER V9.54   DS1302                                                                04/18/2023 15:28:54 PAGE 3   

 116   1              DS1302_Time[0]=Temp/16*10+Temp%16;
 117   1              Temp=DS1302_ReadByte(DS1302_MONTH);
 118   1              DS1302_Time[1]=Temp/16*10+Temp%16;
 119   1              Temp=DS1302_ReadByte(DS1302_DATE);
 120   1              DS1302_Time[2]=Temp/16*10+Temp%16;
 121   1              Temp=DS1302_ReadByte(DS1302_HOUR);
 122   1              DS1302_Time[3]=Temp/16*10+Temp%16;
 123   1              Temp=DS1302_ReadByte(DS1302_MINUTE);
 124   1              DS1302_Time[4]=Temp/16*10+Temp%16;
 125   1              Temp=DS1302_ReadByte(DS1302_SECOND);
 126   1              DS1302_Time[5]=Temp/16*10+Temp%16;
 127   1              Temp=DS1302_ReadByte(DS1302_DAY);
 128   1              DS1302_Time[6]=Temp/16*10+Temp%16;
 129   1      
 130   1      }
 131          //void DS1302_Init(void)
 132          //{
 133          //      DS1302_CE=0;
 134          //      DS1302_SCLK=0;
 135          //}
 136          
 137          ///**
 138          //  * @brief  DS1302å†™ä¸€ä¸ªå­—èŠ‚
 139          //  * @param  Command å‘½ä»¤å­—/åœ°å€
 140          //  * @param  Data è¦å†™å…¥çš„æ•°æ®
 141          //  * @retval æ— 
 142          //  */
 143          //void DS1302_WriteByte(unsigned char Command,Data)
 144          //{
 145          //      unsigned char i;
 146          //      DS1302_CE=1;
 147          //      for(i=0;i<8;i++)
 148          //      {
 149          //              DS1302_IO=Command&(0x01<<i);
 150          //              DS1302_SCLK=1;
 151          //              DS1302_SCLK=0;
 152          //      }
 153          //      for(i=0;i<8;i++)
 154          //      {
 155          //              DS1302_IO=Data&(0x01<<i);
 156          //              DS1302_SCLK=1;
 157          //              DS1302_SCLK=0;
 158          //      }
 159          //      DS1302_CE=0;
 160          //}
 161          
 162          ///**
 163          //  * @brief  DS1302è¯»ä¸€ä¸ªå­—èŠ‚
 164          //  * @param  Command å‘½ä»¤å­—/åœ°å€
 165          //  * @retval è¯»å‡ºçš„æ•°æ®
 166          //  */
 167          //unsigned char DS1302_ReadByte(unsigned char Command)
 168          //{
 169          //      unsigned char i,Data=0x00;
 170          //      Command|=0x01;  //å°†æŒ‡ä»¤è½¬æ¢ä¸ºè¯»æŒ‡ä»¤
 171          //      DS1302_CE=1;
 172          //      for(i=0;i<8;i++)
 173          //      {
 174          //              DS1302_IO=Command&(0x01<<i);
 175          //              DS1302_SCLK=0;
 176          //              DS1302_SCLK=1;
 177          //      }
C51 COMPILER V9.54   DS1302                                                                04/18/2023 15:28:54 PAGE 4   

 178          //      for(i=0;i<8;i++)
 179          //      {
 180          //              DS1302_SCLK=1;
 181          //              DS1302_SCLK=0;
 182          //              if(DS1302_IO){Data|=(0x01<<i);}
 183          //      }
 184          //      DS1302_CE=0;
 185          //      DS1302_IO=0;    //è¯»å–åå°†IOè®¾ç½®ä¸º0ï¼Œå¦åˆ™è¯»å‡ºçš„æ•°æ®ä¼šå‡ºé”™
 186          //      return Data;
 187          //}


MODULE INFORMATION:   STATIC OVERLAYABLE
   CODE SIZE        =    550    ----
   CONSTANT SIZE    =   ----    ----
   XDATA SIZE       =   ----    ----
   PDATA SIZE       =   ----    ----
   DATA SIZE        =      6       2
   IDATA SIZE       =   ----    ----
   BIT SIZE         =   ----    ----
END OF MODULE INFORMATION.


C51 COMPILATION COMPLETE.  0 WARNING(S),  0 ERROR(S)
