C51 COMPILER V9.54   KEY                                                                   04/18/2023 15:34:44 PAGE 1   


C51 COMPILER V9.54, COMPILATION OF MODULE KEY
OBJECT MODULE PLACED IN .\Objects\Key.obj
COMPILER INVOKED BY: D:\Keil_v5\C51\BIN\C51.EXE Key.c OPTIMIZE(8,SPEED) BROWSE DEBUG OBJECTEXTEND PRINT(.\Listings\Key.l
                    -st) OBJECT(.\Objects\Key.obj)

line level    source

   1          #include <REGX52.H>
   2          #include "Delay.h"
   3          
   4          unsigned char Key_KeyNumber;
   5          unsigned char Key(void)
   6          {
   7   1              unsigned char temp=0;
   8   1              temp=Key_KeyNumber;
   9   1              Key_KeyNumber=0;
  10   1              return temp;
  11   1      }
  12          
  13          /**
  14            * @brief  获取独立按键键码
  15            * @param  无
  16            * @retval 按下按键的键码，范围：0~4，无按键按下时返回值为0
  17            */
  18          unsigned char Key_N()
  19          {
  20   1              unsigned char KeyNumber=0;
  21   1              
  22   1              if(P3_1==0){KeyNumber=1;}
  23   1              if(P3_0==0){KeyNumber=2;}
  24   1              if(P3_2==0){KeyNumber=3;}
  25   1              if(P3_3==0){KeyNumber=4;}
  26   1              
  27   1              return KeyNumber;
  28   1      }
  29          
  30          void Key_Loop()
  31          {
  32   1              static unsigned char NowState,LastState;
  33   1              LastState=NowState;
  34   1              NowState=Key_N();
  35   1              if(LastState==1&&NowState==0)
  36   1              {
  37   2                      Key_KeyNumber=1;
  38   2              }
  39   1              if(LastState==2&&NowState==0)
  40   1              {
  41   2                      Key_KeyNumber=2;
  42   2              }
  43   1              if(LastState==3&&NowState==0)
  44   1              {
  45   2                      Key_KeyNumber=3;
  46   2              }
  47   1              if(LastState==4&&NowState==0)
  48   1              {
  49   2                      Key_KeyNumber=4;
  50   2              }
  51   1      }


MODULE INFORMATION:   STATIC OVERLAYABLE
C51 COMPILER V9.54   KEY                                                                   04/18/2023 15:34:44 PAGE 2   

   CODE SIZE        =     85    ----
   CONSTANT SIZE    =   ----    ----
   XDATA SIZE       =   ----    ----
   PDATA SIZE       =   ----    ----
   DATA SIZE        =      3    ----
   IDATA SIZE       =   ----    ----
   BIT SIZE         =   ----    ----
END OF MODULE INFORMATION.


C51 COMPILATION COMPLETE.  0 WARNING(S),  0 ERROR(S)
