C51 COMPILER V9.54   MAIN                                                                  04/18/2023 15:28:54 PAGE 1   


C51 COMPILER V9.54, COMPILATION OF MODULE MAIN
OBJECT MODULE PLACED IN .\Objects\main.obj
COMPILER INVOKED BY: D:\Keil_v5\C51\BIN\C51.EXE main.c OPTIMIZE(8,SPEED) BROWSE DEBUG OBJECTEXTEND PRINT(.\Listings\main
                    -.lst) OBJECT(.\Objects\main.obj)

line level    source

   1          #include <REGX52.H>
   2          #include "LCD1602.h"
   3          #include "DS1302.h"
   4          #include "Delay.h"
   5          #include "Timer0.h"
   6          #include "Key.h"
   7          
   8          unsigned char KeyNum,MODE,TimeSetSelect,TimeSetFlashFlag;
   9          
  10          void TimeShow()
  11          {
  12   1                      DS1302_ReadTime();
  13   1                      LCD_ShowNum(1,1,DS1302_Time[0],2);
  14   1                      LCD_ShowNum(1,4,DS1302_Time[1],2);
  15   1                      LCD_ShowNum(1,7,DS1302_Time[2],2);
  16   1                      LCD_ShowNum(2,1,DS1302_Time[3],2);
  17   1                      LCD_ShowNum(2,4,DS1302_Time[4],2);
  18   1                      LCD_ShowNum(2,7,DS1302_Time[5],2);
  19   1      
  20   1      }
  21          
  22          void TimeSet()
  23          {
  24   1              if(KeyNum==2)
  25   1              {
  26   2                      TimeSetSelect++;
  27   2                      TimeSetSelect%=6;
  28   2              }
  29   1              if(KeyNum==3)
  30   1              {
  31   2                      DS1302_Time[TimeSetSelect]++;
  32   2                      if(DS1302_Time[0]>99){DS1302_Time[0]=0;}
  33   2                      if(DS1302_Time[1]>12){DS1302_Time[1]=1;}
  34   2                      if(DS1302_Time[1]==1||DS1302_Time[1]==3||DS1302_Time[1]==5||DS1302_Time[1]==6||DS1302_Time[1]==8||DS1302
             -_Time[1]==10||DS1302_Time[1]==12)
  35   2                      {
  36   3                              if(DS1302_Time[2]>31){DS1302_Time[2]=1;}
  37   3                      }
  38   2                      if(DS1302_Time[1]==4||DS1302_Time[1]==7||DS1302_Time[1]==9||DS1302_Time[1]==11)
  39   2                      {
  40   3                              if(DS1302_Time[2]>30){DS1302_Time[2]=1;}
  41   3                      }
  42   2                      if(DS1302_Time[1]==2)
  43   2                      {
  44   3                              if(DS1302_Time[0]%4==0)
  45   3                              {if(DS1302_Time[2]>29){DS1302_Time[2]=1;}}
  46   3                              else
  47   3                              {if(DS1302_Time[2]>28){DS1302_Time[2]=1;}}
  48   3                      }
  49   2                      if(DS1302_Time[3]>23){DS1302_Time[3]=0;}
  50   2                      if(DS1302_Time[4]>59){DS1302_Time[4]=0;}
  51   2                      if(DS1302_Time[5]>59){DS1302_Time[5]=0;}
  52   2      
  53   2              }
C51 COMPILER V9.54   MAIN                                                                  04/18/2023 15:28:54 PAGE 2   

  54   1      
  55   1              if(KeyNum==4)
  56   1              {
  57   2                      DS1302_Time[TimeSetSelect]--;
  58   2                      if(DS1302_Time[0]>99||(DS1302_Time[0]==0)){DS1302_Time[0]=99;}
  59   2                      if(DS1302_Time[1]>12||(DS1302_Time[1]==0)){DS1302_Time[1]=12;}
  60   2                      if(DS1302_Time[1]==1||DS1302_Time[1]==3||DS1302_Time[1]==5||DS1302_Time[1]==6||DS1302_Time[1]==8||DS1302
             -_Time[1]==10||DS1302_Time[1]==12)
  61   2                      {
  62   3                              if(DS1302_Time[2]>31||(DS1302_Time[2]==0)){DS1302_Time[2]=31;}
  63   3                      }
  64   2                      if(DS1302_Time[1]==4||DS1302_Time[1]==7||DS1302_Time[1]==9||DS1302_Time[1]==11)
  65   2                      {
  66   3                              if(DS1302_Time[2]>30){DS1302_Time[2]=30;}
  67   3                      }
  68   2                      if(DS1302_Time[1]==2)
  69   2                      {
  70   3                              if(DS1302_Time[0]%4==0)
  71   3                              {if(DS1302_Time[2]>29){DS1302_Time[2]=29;}}
  72   3                              else
  73   3                              {if(DS1302_Time[2]>28){DS1302_Time[2]=28;}}
  74   3                      }
  75   2                      if(DS1302_Time[3]>23){DS1302_Time[3]=23;}
  76   2                      if(DS1302_Time[4]>59){DS1302_Time[4]=59;}
  77   2                      if(DS1302_Time[5]>59){DS1302_Time[5]=59;}
  78   2      
  79   2              }
  80   1              
  81   1              
  82   1              LCD_ShowNum(2,12,TimeSetSelect,1);
  83   1              if(TimeSetSelect==0 && TimeSetFlashFlag==0){LCD_ShowString(1,1,"  ");}
  84   1              else {LCD_ShowNum(1,1,DS1302_Time[0],2);}
  85   1              if(TimeSetSelect==1 && TimeSetFlashFlag==0){LCD_ShowString(1,4,"  ");}
  86   1              else {LCD_ShowNum(1,4,DS1302_Time[1],2);}
  87   1              if(TimeSetSelect==2 && TimeSetFlashFlag==0){LCD_ShowString(1,7,"  ");}
  88   1              else {LCD_ShowNum(1,7,DS1302_Time[2],2);}
  89   1              if(TimeSetSelect==3 && TimeSetFlashFlag==0){LCD_ShowString(2,1,"  ");}
  90   1              else {LCD_ShowNum(2,1,DS1302_Time[3],2);}
  91   1              if(TimeSetSelect==4 && TimeSetFlashFlag==0){LCD_ShowString(2,4,"  ");}
  92   1              else {LCD_ShowNum(2,4,DS1302_Time[4],2);}
  93   1              if(TimeSetSelect==5 && TimeSetFlashFlag==0){LCD_ShowString(2,7,"  ");}
  94   1              else {LCD_ShowNum(2,7,DS1302_Time[5],2);}
  95   1      }
  96          
  97          void main()
  98          {
  99   1              
 100   1              LCD_Init();
 101   1              DS1302_Init();
 102   1              SetTime();
 103   1              Timer0Init();
 104   1              LCD_ShowString(1,3,"-");
 105   1              LCD_ShowString(1,6,"-");
 106   1              LCD_ShowString(2,3,":");
 107   1              LCD_ShowString(2,6,":");
 108   1              
 109   1              while(1)
 110   1              {
 111   2                      KeyNum=Key();   
 112   2                      if(KeyNum==1)
 113   2                      {
 114   3                              if(MODE==0){MODE=1;TimeSetSelect=0;}
C51 COMPILER V9.54   MAIN                                                                  04/18/2023 15:28:54 PAGE 3   

 115   3                              else if(MODE==1){MODE=0;SetTime();}
 116   3                      }
 117   2                      switch(MODE)
 118   2                      {
 119   3                              case 0:TimeShow();break;
 120   3                              case 1:TimeSet();break;
 121   3                      }
 122   2      
 123   2              }
 124   1      
 125   1      
 126   1      }
 127          
 128          void Timer0_Routine() interrupt 1
 129          {
 130   1              static unsigned int T0Count,T1Count;
 131   1              TL0 = 0x18;             //设置定时初值
 132   1              TH0 = 0xFC;             //设置定时初值
 133   1              T0Count++;
 134   1              T1Count++;
 135   1              if(T0Count>=500)
 136   1              {
 137   2                      T0Count=0;
 138   2                      TimeSetFlashFlag=!TimeSetFlashFlag;
 139   2              }
 140   1              if(T0Count>=20)
 141   1              {
 142   2                      Key_Loop();
 143   2              }
 144   1      }


MODULE INFORMATION:   STATIC OVERLAYABLE
   CODE SIZE        =    964    ----
   CONSTANT SIZE    =      7    ----
   XDATA SIZE       =   ----    ----
   PDATA SIZE       =   ----    ----
   DATA SIZE        =      8    ----
   IDATA SIZE       =   ----    ----
   BIT SIZE         =   ----    ----
END OF MODULE INFORMATION.


C51 COMPILATION COMPLETE.  0 WARNING(S),  0 ERROR(S)
